<?xml version="1.0" encoding="UTF-8"?>
<testsuite name="edu.jsu.mcis.ConverterTest" tests="4" skipped="0" failures="0" errors="0" timestamp="2017-10-01T22:20:43" hostname="DESKTOP-UCINRR4" time="0.025">
  <properties/>
  <testcase name="testConvertCSVtoJSON" classname="edu.jsu.mcis.ConverterTest" time="0.01"/>
  <testcase name="testConvertJSONtoCSVtoJSON" classname="edu.jsu.mcis.ConverterTest" time="0.012"/>
  <testcase name="testConvertCSVtoJSONtoCSV" classname="edu.jsu.mcis.ConverterTest" time="0.002"/>
  <testcase name="testConvertJSONtoCSV" classname="edu.jsu.mcis.ConverterTest" time="0.001"/>
  <system-out><![CDATA[]]></system-out>
  <system-err><![CDATA[]]></system-err>
</testsuite>
